# JRE version: OpenJDK Runtime Environment Temurin-21.0.9+10 (21.0.9+10) (build 21.0.9+10-LTS)
# Java VM: OpenJDK 64-Bit Server VM Temurin-21.0.9+10 (21.0.9+10-LTS, mixed mode, sharing, tiered, compressed oops, compressed class ptrs, parallel gc, windows-amd64)
GC Precious Log:
 CardTable entry size: 512
 CPUs: 12 total, 12 available
 Memory: 16238M
 Large Page Support: Disabled
 NUMA Support: Disabled
 Compressed Oops: Enabled (32-bit)
 Alignments: Space 512K, Generation 512K, Heap 2M
 Heap Min Capacity: 100M
 Heap Initial Capacity: 100M
 Heap Max Capacity: 2G
 Pre-touch: Disabled
 Parallel Workers: 10
Heap:
 PSYoungGen      total 12288K, used 2601K [0x00000000d5580000, 0x00000000d6c80000, 0x0000000100000000)
  eden space 11264K, 14% used [0x00000000d5580000,0x00000000d5716448,0x00000000d6080000)
  from space 1024K, 95% used [0x00000000d6b80000,0x00000000d6c74010,0x00000000d6c80000)
  to   space 1536K, 0% used [0x00000000d6980000,0x00000000d6980000,0x00000000d6b00000)
 ParOldGen       total 615424K, used 615355K [0x0000000080000000, 0x00000000a5900000, 0x00000000d5580000)
  object space 615424K, 99% used [0x0000000080000000,0x00000000a58eef80,0x00000000a5900000)
 Metaspace       used 103083K, committed 104896K, reserved 1179648K
  class space    used 10714K, committed 11520K, reserved 1048576K
GC Heap History (20 events):
Event: 4830.800 GC heap before
{Heap before GC invocations=5049 (full 8):
 PSYoungGen      total 5632K, used 5605K [0x00000000d5580000, 0x00000000d6100000, 0x0000000100000000)
  eden space 4608K, 100% used [0x00000000d5580000,0x00000000d5a00000,0x00000000d5a00000)
  from space 1024K, 97% used [0x00000000d5d00000,0x00000000d5df96f8,0x00000000d5e00000)
  to   space 3072K, 0% used [0x00000000d5a00000,0x00000000d5a00000,0x00000000d5d00000)
 ParOldGen       total 521216K, used 521053K [0x0000000080000000, 0x000000009fd00000, 0x00000000d5580000)
  object space 521216K, 99% used [0x0000000080000000,0x000000009fcd7638,0x000000009fd00000)
 Metaspace       used 103046K, committed 104832K, reserved 1179648K
  class space    used 10714K, committed 11520K, reserved 1048576K
}
Event: 4830.804 GC heap after
{Heap after GC invocations=5049 (full 8):
 PSYoungGen      total 7680K, used 3072K [0x00000000d5580000, 0x00000000d6800000, 0x0000000100000000)
  eden space 4608K, 0% used [0x00000000d5580000,0x00000000d5580000,0x00000000d5a00000)
  from space 3072K, 100% used [0x00000000d5a00000,0x00000000d5d00000,0x00000000d5d00000)
  to   space 6656K, 0% used [0x00000000d6180000,0x00000000d6180000,0x00000000d6800000)
 ParOldGen       total 523776K, used 523571K [0x0000000080000000, 0x000000009ff80000, 0x00000000d5580000)
  object space 523776K, 99% used [0x0000000080000000,0x000000009ff4cd40,0x000000009ff80000)
 Metaspace       used 103046K, committed 104832K, reserved 1179648K
  class space    used 10714K, committed 11520K, reserved 1048576K
}
Event: 4830.811 GC heap before
{Heap before GC invocations=5050 (full 8):
 PSYoungGen      total 7680K, used 7680K [0x00000000d5580000, 0x00000000d6800000, 0x0000000100000000)
  eden space 4608K, 100% used [0x00000000d5580000,0x00000000d5a00000,0x00000000d5a00000)
  from space 3072K, 100% used [0x00000000d5a00000,0x00000000d5d00000,0x00000000d5d00000)
  to   space 6656K, 0% used [0x00000000d6180000,0x00000000d6180000,0x00000000d6800000)
 ParOldGen       total 523776K, used 523571K [0x0000000080000000, 0x000000009ff80000, 0x00000000d5580000)
  object space 523776K, 99% used [0x0000000080000000,0x000000009ff4cd40,0x000000009ff80000)
 Metaspace       used 103046K, committed 104832K, reserved 1179648K
  class space    used 10714K, committed 11520K, reserved 1048576K
}
Event: 4830.815 GC heap after
{Heap after GC invocations=5050 (full 8):
 PSYoungGen      total 10752K, used 4768K [0x00000000d5580000, 0x00000000d6680000, 0x0000000100000000)
  eden space 5632K, 0% used [0x00000000d5580000,0x00000000d5580000,0x00000000d5b00000)
  from space 5120K, 93% used [0x00000000d6180000,0x00000000d6628000,0x00000000d6680000)
  to   space 5120K, 0% used [0x00000000d5c80000,0x00000000d5c80000,0x00000000d6180000)
 ParOldGen       total 526848K, used 526715K [0x0000000080000000, 0x00000000a0280000, 0x00000000d5580000)
  object space 526848K, 99% used [0x0000000080000000,0x00000000a025ed40,0x00000000a0280000)
 Metaspace       used 103046K, committed 104832K, reserved 1179648K
  class space    used 10714K, committed 11520K, reserved 1048576K
}
Event: 4830.826 GC heap before
{Heap before GC invocations=5051 (full 8):
 PSYoungGen      total 10752K, used 10400K [0x00000000d5580000, 0x00000000d6680000, 0x0000000100000000)
  eden space 5632K, 100% used [0x00000000d5580000,0x00000000d5b00000,0x00000000d5b00000)
  from space 5120K, 93% used [0x00000000d6180000,0x00000000d6628000,0x00000000d6680000)
  to   space 5120K, 0% used [0x00000000d5c80000,0x00000000d5c80000,0x00000000d6180000)
 ParOldGen       total 526848K, used 526715K [0x0000000080000000, 0x00000000a0280000, 0x00000000d5580000)
  object space 526848K, 99% used [0x0000000080000000,0x00000000a025ed40,0x00000000a0280000)
 Metaspace       used 103046K, committed 104832K, reserved 1179648K
  class space    used 10714K, committed 11520K, reserved 1048576K
}
Event: 4830.830 GC heap after
{Heap after GC invocations=5051 (full 8):
 PSYoungGen      total 12288K, used 5100K [0x00000000d5580000, 0x00000000d7280000, 0x0000000100000000)
  eden space 7168K, 0% used [0x00000000d5580000,0x00000000d5580000,0x00000000d5c80000)
  from space 5120K, 99% used [0x00000000d5c80000,0x00000000d617b000,0x00000000d6180000)
  to   space 11264K, 0% used [0x00000000d6780000,0x00000000d6780000,0x00000000d7280000)
 ParOldGen       total 531968K, used 531683K [0x0000000080000000, 0x00000000a0780000, 0x00000000d5580000)
  object space 531968K, 99% used [0x0000000080000000,0x00000000a0738d40,0x00000000a0780000)
 Metaspace       used 103046K, committed 104832K, reserved 1179648K
  class space    used 10714K, committed 11520K, reserved 1048576K
}
Event: 4830.884 GC heap before
{Heap before GC invocations=5052 (full 8):
 PSYoungGen      total 12288K, used 11898K [0x00000000d5580000, 0x00000000d7280000, 0x0000000100000000)
  eden space 7168K, 94% used [0x00000000d5580000,0x00000000d5c23898,0x00000000d5c80000)
  from space 5120K, 99% used [0x00000000d5c80000,0x00000000d617b000,0x00000000d6180000)
  to   space 11264K, 0% used [0x00000000d6780000,0x00000000d6780000,0x00000000d7280000)
 ParOldGen       total 531968K, used 531683K [0x0000000080000000, 0x00000000a0780000, 0x00000000d5580000)
  object space 531968K, 99% used [0x0000000080000000,0x00000000a0738d40,0x00000000a0780000)
 Metaspace       used 103046K, committed 104832K, reserved 1179648K
  class space    used 10714K, committed 11520K, reserved 1048576K
}
Event: 4830.890 GC heap after
{Heap after GC invocations=5052 (full 8):
 PSYoungGen      total 13824K, used 4809K [0x00000000d5580000, 0x00000000d6c80000, 0x0000000100000000)
  eden space 8704K, 0% used [0x00000000d5580000,0x00000000d5580000,0x00000000d5e00000)
  from space 5120K, 93% used [0x00000000d6780000,0x00000000d6c32480,0x00000000d6c80000)
  to   space 7168K, 0% used [0x00000000d5e80000,0x00000000d5e80000,0x00000000d6580000)
 ParOldGen       total 537088K, used 536707K [0x0000000080000000, 0x00000000a0c80000, 0x00000000d5580000)
  object space 537088K, 99% used [0x0000000080000000,0x00000000a0c20d40,0x00000000a0c80000)
 Metaspace       used 103046K, committed 104832K, reserved 1179648K
  class space    used 10714K, committed 11520K, reserved 1048576K
}
Event: 4830.903 GC heap before
{Heap before GC invocations=5053 (full 8):
 PSYoungGen      total 13824K, used 13513K [0x00000000d5580000, 0x00000000d6c80000, 0x0000000100000000)
  eden space 8704K, 100% used [0x00000000d5580000,0x00000000d5e00000,0x00000000d5e00000)
  from space 5120K, 93% used [0x00000000d6780000,0x00000000d6c32480,0x00000000d6c80000)
  to   space 7168K, 0% used [0x00000000d5e80000,0x00000000d5e80000,0x00000000d6580000)
 ParOldGen       total 537088K, used 536707K [0x0000000080000000, 0x00000000a0c80000, 0x00000000d5580000)
  object space 537088K, 99% used [0x0000000080000000,0x00000000a0c20d40,0x00000000a0c80000)
 Metaspace       used 103046K, committed 104832K, reserved 1179648K
  class space    used 10714K, committed 11520K, reserved 1048576K
}
Event: 4830.909 GC heap after
{Heap after GC invocations=5053 (full 8):
 PSYoungGen      total 16384K, used 7145K [0x00000000d5580000, 0x00000000d7e00000, 0x0000000100000000)
  eden space 9216K, 0% used [0x00000000d5580000,0x00000000d5580000,0x00000000d5e80000)
  from space 7168K, 99% used [0x00000000d5e80000,0x00000000d657a480,0x00000000d6580000)
  to   space 15360K, 0% used [0x00000000d6f00000,0x00000000d6f00000,0x00000000d7e00000)
 ParOldGen       total 543232K, used 542996K [0x0000000080000000, 0x00000000a1280000, 0x00000000d5580000)
  object space 543232K, 99% used [0x0000000080000000,0x00000000a12451c0,0x00000000a1280000)
 Metaspace       used 103046K, committed 104832K, reserved 1179648K
  class space    used 10714K, committed 11520K, reserved 1048576K
}
Event: 4830.928 GC heap before
{Heap before GC invocations=5054 (full 8):
 PSYoungGen      total 16384K, used 16349K [0x00000000d5580000, 0x00000000d7e00000, 0x0000000100000000)
  eden space 9216K, 99% used [0x00000000d5580000,0x00000000d5e7cfc8,0x00000000d5e80000)
  from space 7168K, 99% used [0x00000000d5e80000,0x00000000d657a480,0x00000000d6580000)
  to   space 15360K, 0% used [0x00000000d6f00000,0x00000000d6f00000,0x00000000d7e00000)
 ParOldGen       total 543232K, used 542996K [0x0000000080000000, 0x00000000a1280000, 0x00000000d5580000)
  object space 543232K, 99% used [0x0000000080000000,0x00000000a12451c0,0x00000000a1280000)
 Metaspace       used 103054K, committed 104896K, reserved 1179648K
  class space    used 10714K, committed 11520K, reserved 1048576K
}
Event: 4830.934 GC heap after
{Heap after GC invocations=5054 (full 8):
 PSYoungGen      total 17920K, used 6519K [0x00000000d5580000, 0x00000000d7580000, 0x0000000100000000)
  eden space 11264K, 0% used [0x00000000d5580000,0x00000000d5580000,0x00000000d6080000)
  from space 6656K, 97% used [0x00000000d6f00000,0x00000000d755ddb0,0x00000000d7580000)
  to   space 9216K, 0% used [0x00000000d6380000,0x00000000d6380000,0x00000000d6c80000)
 ParOldGen       total 550400K, used 550213K [0x0000000080000000, 0x00000000a1980000, 0x00000000d5580000)
  object space 550400K, 99% used [0x0000000080000000,0x00000000a1951640,0x00000000a1980000)
 Metaspace       used 103054K, committed 104896K, reserved 1179648K
  class space    used 10714K, committed 11520K, reserved 1048576K
}
Event: 4834.088 GC heap before
{Heap before GC invocations=5055 (full 8):
 PSYoungGen      total 17920K, used 17783K [0x00000000d5580000, 0x00000000d7580000, 0x0000000100000000)
  eden space 11264K, 100% used [0x00000000d5580000,0x00000000d6080000,0x00000000d6080000)
  from space 6656K, 97% used [0x00000000d6f00000,0x00000000d755ddb0,0x00000000d7580000)
  to   space 9216K, 0% used [0x00000000d6380000,0x00000000d6380000,0x00000000d6c80000)
 ParOldGen       total 613888K, used 611653K [0x0000000080000000, 0x00000000a5780000, 0x00000000d5580000)
  object space 613888K, 99% used [0x0000000080000000,0x00000000a55516a0,0x00000000a5780000)
 Metaspace       used 103060K, committed 104896K, reserved 1179648K
  class space    used 10714K, committed 11520K, reserved 1048576K
}
Event: 4834.093 GC heap after
{Heap after GC invocations=5055 (full 8):
 PSYoungGen      total 11776K, used 416K [0x00000000d5580000, 0x00000000d6f80000, 0x0000000100000000)
  eden space 11264K, 0% used [0x00000000d5580000,0x00000000d5580000,0x00000000d6080000)
  from space 512K, 81% used [0x00000000d6380000,0x00000000d63e8000,0x00000000d6400000)
  to   space 3584K, 0% used [0x00000000d6c00000,0x00000000d6c00000,0x00000000d6f80000)
 ParOldGen       total 614400K, used 614365K [0x0000000080000000, 0x00000000a5800000, 0x00000000d5580000)
  object space 614400K, 99% used [0x0000000080000000,0x00000000a57f76b0,0x00000000a5800000)
 Metaspace       used 103060K, committed 104896K, reserved 1179648K
  class space    used 10714K, committed 11520K, reserved 1048576K
}
Event: 11412.144 GC heap before
{Heap before GC invocations=5056 (full 8):
 PSYoungGen      total 11776K, used 11680K [0x00000000d5580000, 0x00000000d6f80000, 0x0000000100000000)
  eden space 11264K, 100% used [0x00000000d5580000,0x00000000d6080000,0x00000000d6080000)
  from space 512K, 81% used [0x00000000d6380000,0x00000000d63e8000,0x00000000d6400000)
  to   space 3584K, 0% used [0x00000000d6c00000,0x00000000d6c00000,0x00000000d6f80000)
 ParOldGen       total 614400K, used 614365K [0x0000000080000000, 0x00000000a5800000, 0x00000000d5580000)
  object space 614400K, 99% used [0x0000000080000000,0x00000000a57f76b0,0x00000000a5800000)
 Metaspace       used 103083K, committed 104896K, reserved 1179648K
  class space    used 10714K, committed 11520K, reserved 1048576K
}
Event: 11412.181 GC heap after
{Heap after GC invocations=5056 (full 8):
 PSYoungGen      total 12800K, used 1414K [0x00000000d5580000, 0x00000000d6d80000, 0x0000000100000000)
  eden space 11264K, 0% used [0x00000000d5580000,0x00000000d5580000,0x00000000d6080000)
  from space 1536K, 92% used [0x00000000d6c00000,0x00000000d6d61b20,0x00000000d6d80000)
  to   space 2048K, 0% used [0x00000000d6980000,0x00000000d6980000,0x00000000d6b80000)
 ParOldGen       total 614912K, used 614584K [0x0000000080000000, 0x00000000a5880000, 0x00000000d5580000)
  object space 614912K, 99% used [0x0000000080000000,0x00000000a582e3c0,0x00000000a5880000)
 Metaspace       used 103083K, committed 104896K, reserved 1179648K
  class space    used 10714K, committed 11520K, reserved 1048576K
}
Event: 11412.253 GC heap before
{Heap before GC invocations=5057 (full 8):
 PSYoungGen      total 12800K, used 12678K [0x00000000d5580000, 0x00000000d6d80000, 0x0000000100000000)
  eden space 11264K, 100% used [0x00000000d5580000,0x00000000d6080000,0x00000000d6080000)
  from space 1536K, 92% used [0x00000000d6c00000,0x00000000d6d61b20,0x00000000d6d80000)
  to   space 2048K, 0% used [0x00000000d6980000,0x00000000d6980000,0x00000000d6b80000)
 ParOldGen       total 614912K, used 614584K [0x0000000080000000, 0x00000000a5880000, 0x00000000d5580000)
  object space 614912K, 99% used [0x0000000080000000,0x00000000a582e3c0,0x00000000a5880000)
 Metaspace       used 103083K, committed 104896K, reserved 1179648K
  class space    used 10714K, committed 11520K, reserved 1048576K
}
Event: 11412.256 GC heap after
{Heap after GC invocations=5057 (full 8):
 PSYoungGen      total 13312K, used 698K [0x00000000d5580000, 0x00000000d6c80000, 0x0000000100000000)
  eden space 11264K, 0% used [0x00000000d5580000,0x00000000d5580000,0x00000000d6080000)
  from space 2048K, 34% used [0x00000000d6980000,0x00000000d6a2e900,0x00000000d6b80000)
  to   space 1024K, 0% used [0x00000000d6b80000,0x00000000d6b80000,0x00000000d6c80000)
 ParOldGen       total 614912K, used 614823K [0x0000000080000000, 0x00000000a5880000, 0x00000000d5580000)
  object space 614912K, 99% used [0x0000000080000000,0x00000000a5869d80,0x00000000a5880000)
 Metaspace       used 103083K, committed 104896K, reserved 1179648K
  class space    used 10714K, committed 11520K, reserved 1048576K
}
Event: 11412.289 GC heap before
{Heap before GC invocations=5058 (full 8):
 PSYoungGen      total 13312K, used 11962K [0x00000000d5580000, 0x00000000d6c80000, 0x0000000100000000)
  eden space 11264K, 100% used [0x00000000d5580000,0x00000000d6080000,0x00000000d6080000)
  from space 2048K, 34% used [0x00000000d6980000,0x00000000d6a2e900,0x00000000d6b80000)
  to   space 1024K, 0% used [0x00000000d6b80000,0x00000000d6b80000,0x00000000d6c80000)
 ParOldGen       total 614912K, used 614823K [0x0000000080000000, 0x00000000a5880000, 0x00000000d5580000)
  object space 614912K, 99% used [0x0000000080000000,0x00000000a5869d80,0x00000000a5880000)
 Metaspace       used 103083K, committed 104896K, reserved 1179648K
  class space    used 10714K, committed 11520K, reserved 1048576K
}
Event: 11412.291 GC heap after
{Heap after GC invocations=5058 (full 8):
 PSYoungGen      total 12288K, used 976K [0x00000000d5580000, 0x00000000d6c80000, 0x0000000100000000)
  eden space 11264K, 0% used [0x00000000d5580000,0x00000000d5580000,0x00000000d6080000)
  from space 1024K, 95% used [0x00000000d6b80000,0x00000000d6c74010,0x00000000d6c80000)
  to   space 1536K, 0% used [0x00000000d6980000,0x00000000d6980000,0x00000000d6b00000)
 ParOldGen       total 615424K, used 615355K [0x0000000080000000, 0x00000000a5900000, 0x00000000d5580000)
  object space 615424K, 99% used [0x0000000080000000,0x00000000a58eef80,0x00000000a5900000)
 Metaspace       used 103083K, committed 104896K, reserved 1179648K
  class space    used 10714K, committed 11520K, reserved 1048576K
}

